[2026-03-07 23:24:24] local.WARNING: Failed login attempt {"ip":"127.0.0.1","email":"demo@bankdemo.test","ua":"okhttp/4.12.0"} 
[2026-03-07 23:25:26] local.NOTICE: Transaction validation failed {"ip":"127.0.0.1","path":"api/transactions/send","user":1,"body":{"recipient_account_number":"Alex Martin","amount":50,"description":null}} 
[2026-03-07 23:25:42] local.ERROR: SQLSTATE[HY000]: General error: 1 no such function: acos (Connection: sqlite, SQL: select 
                *,
                (6371 * acos(
                    cos(radians(45.7499696)) * cos(radians(latitude))
                    * cos(radians(longitude) - radians(4.8556027))
                    + sin(radians(45.7499696)) * sin(radians(latitude))
                )) AS distance_km
             from "atms" having distance_km <= 10 order by "distance_km" asc limit 50) {"userId":1,"exception":"[object] (Illuminate\\Database\\QueryException(code: HY000): SQLSTATE[HY000]: General error: 1 no such function: acos (Connection: sqlite, SQL: select 

                *,

                (6371 * acos(

                    cos(radians(45.7499696)) * cos(radians(latitude))

                    * cos(radians(longitude) - radians(4.8556027))

                    + sin(radians(45.7499696)) * sin(radians(latitude))

                )) AS distance_km

             from \"atms\" having distance_km <= 10 order by \"distance_km\" asc limit 50) at D:/Cours/Dev mobile Avancé/AppFinale/bankdemo-api/vendor/laravel/framework/src/Illuminate/Database/Connection.php:825)
[stacktrace]
#0 D:/Cours/Dev mobile Avancé/AppFinale/bankdemo-api/vendor/laravel/framework/src/Illuminate/Database/Connection.php(779): Illuminate/Database/Connection->runQueryCallback()
#1 D:/Cours/Dev mobile Avancé/AppFinale/bankdemo-api/vendor/laravel/framework/src/Illuminate/Database/Connection.php(398): Illuminate/Database/Connection->run()
#2 D:/Cours/Dev mobile Avancé/AppFinale/bankdemo-api/vendor/laravel/framework/src/Illuminate/Database/Query/Builder.php(3106): Illuminate/Database/Connection->select()
#3 D:/Cours/Dev mobile Avancé/AppFinale/bankdemo-api/vendor/laravel/framework/src/Illuminate/Database/Query/Builder.php(3091): Illuminate/Database/Query/Builder->runSelect()
#4 D:/Cours/Dev mobile Avancé/AppFinale/bankdemo-api/vendor/laravel/framework/src/Illuminate/Database/Query/Builder.php(3676): Illuminate/Database/Query/Builder->Illuminate/Database/Query/{closure}()
#5 D:/Cours/Dev mobile Avancé/AppFinale/bankdemo-api/vendor/laravel/framework/src/Illuminate/Database/Query/Builder.php(3090): Illuminate/Database/Query/Builder->onceWithColumns()
#6 D:/Cours/Dev mobile Avancé/AppFinale/bankdemo-api/vendor/laravel/framework/src/Illuminate/Database/Eloquent/Builder.php(811): Illuminate/Database/Query/Builder->get()
#7 D:/Cours/Dev mobile Avancé/AppFinale/bankdemo-api/vendor/laravel/framework/src/Illuminate/Database/Eloquent/Builder.php(793): Illuminate/Database/Eloquent/Builder->getModels()
#8 D:/Cours/Dev mobile Avancé/AppFinale/bankdemo-api/app/Http/Controllers/ATMController.php(38): Illuminate/Database/Eloquent/Builder->get()
#9 D:/Cours/Dev mobile Avancé/AppFinale/bankdemo-api/vendor/laravel/framework/src/Illuminate/Routing/ControllerDispatcher.php(47): App/Http/Controllers/ATMController->nearby()
#10 D:/Cours/Dev mobile Avancé/AppFinale/bankdemo-api/vendor/laravel/framework/src/Illuminate/Routing/Route.php(266): Illuminate/Routing/ControllerDispatcher->dispatch()
#11 D:/Cours/Dev mobile Avancé/AppFinale/bankdemo-api/vendor/laravel/framework/src/Illuminate/Routing/Route.php(212): Illuminate/Routing/Route->runController()
#12 D:/Cours/Dev mobile Avancé/AppFinale/bankdemo-api/vendor/laravel/framework/src/Illuminate/Routing/Router.php(808): Illuminate/Routing/Route->run()
#13 D:/Cours/Dev mobile Avancé/AppFinale/bankdemo-api/vendor/laravel/framework/src/Illuminate/Pipeline/Pipeline.php(170): Illuminate/Routing/Router->Illuminate/Routing/{closure}()
#14 D:/Cours/Dev mobile Avancé/AppFinale/bankdemo-api/vendor/laravel/framework/src/Illuminate/Routing/Middleware/SubstituteBindings.php(51): Illuminate/Pipeline/Pipeline->Illuminate/Pipeline/{closure}()
#15 D:/Cours/Dev mobile Avancé/AppFinale/bankdemo-api/vendor/laravel/framework/src/Illuminate/Pipeline/Pipeline.php(209): Illuminate/Routing/Middleware/SubstituteBindings->handle()
#16 D:/Cours/Dev mobile Avancé/AppFinale/bankdemo-api/vendor/laravel/framework/src/Illuminate/Auth/Middleware/Authenticate.php(64): Illuminate/Pipeline/Pipeline->Illuminate/Pipeline/{closure}()
#17 D:/Cours/Dev mobile Avancé/AppFinale/bankdemo-api/vendor/laravel/framework/src/Illuminate/Pipeline/Pipeline.php(209): Illuminate/Auth/Middleware/Authenticate->handle()
#18 D:/Cours/Dev mobile Avancé/AppFinale/bankdemo-api/vendor/laravel/sanctum/src/Http/Middleware/EnsureFrontendRequestsAreStateful.php(26): Illuminate/Pipeline/Pipeline->Illuminate/Pipeline/{closure}()
#19 D:/Cours/Dev mobile Avancé/AppFinale/bankdemo-api/vendor/laravel/framework/src/Illuminate/Pipeline/Pipeline.php(170): Laravel/Sanctum/Http/Middleware/EnsureFrontendRequestsAreStateful->Laravel/Sanctum/Http/Middleware/{closure}()
#20 D:/Cours/Dev mobile Avancé/AppFinale/bankdemo-api/vendor/laravel/framework/src/Illuminate/Pipeline/Pipeline.php(127): Illuminate/Pipeline/Pipeline->Illuminate/Pipeline/{closure}()
#21 D:/Cours/Dev mobile Avancé/AppFinale/bankdemo-api/vendor/laravel/sanctum/src/Http/Middleware/EnsureFrontendRequestsAreStateful.php(25): Illuminate/Pipeline/Pipeline->then()
#22 D:/Cours/Dev mobile Avancé/AppFinale/bankdemo-api/vendor/laravel/framework/src/Illuminate/Pipeline/Pipeline.php(209): Laravel/Sanctum/Http/Middleware/EnsureFrontendRequestsAreStateful->handle()
#23 D:/Cours/Dev mobile Avancé/AppFinale/bankdemo-api/vendor/laravel/framework/src/Illuminate/Pipeline/Pipeline.php(127): Illuminate/Pipeline/Pipeline->Illuminate/Pipeline/{closure}()
#24 D:/Cours/Dev mobile Avancé/AppFinale/bankdemo-api/vendor/laravel/framework/src/Illuminate/Routing/Router.php(807): Illuminate/Pipeline/Pipeline->then()
#25 D:/Cours/Dev mobile Avancé/AppFinale/bankdemo-api/vendor/laravel/framework/src/Illuminate/Routing/Router.php(786): Illuminate/Routing/Router->runRouteWithinStack()
#26 D:/Cours/Dev mobile Avancé/AppFinale/bankdemo-api/vendor/laravel/framework/src/Illuminate/Routing/Router.php(750): Illuminate/Routing/Router->runRoute()
#27 D:/Cours/Dev mobile Avancé/AppFinale/bankdemo-api/vendor/laravel/framework/src/Illuminate/Routing/Router.php(739): Illuminate/Routing/Router->dispatchToRoute()
#28 D:/Cours/Dev mobile Avancé/AppFinale/bankdemo-api/vendor/laravel/framework/src/Illuminate/Foundation/Http/Kernel.php(201): Illuminate/Routing/Router->dispatch()
#29 D:/Cours/Dev mobile Avancé/AppFinale/bankdemo-api/vendor/laravel/framework/src/Illuminate/Pipeline/Pipeline.php(170): Illuminate/Foundation/Http/Kernel->Illuminate/Foundation/Http/{closure}()
#30 D:/Cours/Dev mobile Avancé/AppFinale/bankdemo-api/app/Http/Middleware/LogSuspiciousActivity.php(17): Illuminate/Pipeline/Pipeline->Illuminate/Pipeline/{closure}()
#31 D:/Cours/Dev mobile Avancé/AppFinale/bankdemo-api/vendor/laravel/framework/src/Illuminate/Pipeline/Pipeline.php(209): App/Http/Middleware/LogSuspiciousActivity->handle()
#32 D:/Cours/Dev mobile Avancé/AppFinale/bankdemo-api/vendor/laravel/framework/src/Illuminate/Foundation/Http/Middleware/TransformsRequest.php(21): Illuminate/Pipeline/Pipeline->Illuminate/Pipeline/{closure}()
#33 D:/Cours/Dev mobile Avancé/AppFinale/bankdemo-api/vendor/laravel/framework/src/Illuminate/Foundation/Http/Middleware/ConvertEmptyStringsToNull.php(31): Illuminate/Foundation/Http/Middleware/TransformsRequest->handle()
#34 D:/Cours/Dev mobile Avancé/AppFinale/bankdemo-api/vendor/laravel/framework/src/Illuminate/Pipeline/Pipeline.php(209): Illuminate/Foundation/Http/Middleware/ConvertEmptyStringsToNull->handle()
#35 D:/Cours/Dev mobile Avancé/AppFinale/bankdemo-api/vendor/laravel/framework/src/Illuminate/Foundation/Http/Middleware/TransformsRequest.php(21): Illuminate/Pipeline/Pipeline->Illuminate/Pipeline/{closure}()
#36 D:/Cours/Dev mobile Avancé/AppFinale/bankdemo-api/vendor/laravel/framework/src/Illuminate/Foundation/Http/Middleware/TrimStrings.php(51): Illuminate/Foundation/Http/Middleware/TransformsRequest->handle()
#37 D:/Cours/Dev mobile Avancé/AppFinale/bankdemo-api/vendor/laravel/framework/src/Illuminate/Pipeline/Pipeline.php(209): Illuminate/Foundation/Http/Middleware/TrimStrings->handle()
#38 D:/Cours/Dev mobile Avancé/AppFinale/bankdemo-api/vendor/laravel/framework/src/Illuminate/Http/Middleware/ValidatePostSize.php(27): Illuminate/Pipeline/Pipeline->Illuminate/Pipeline/{closure}()
#39 D:/Cours/Dev mobile Avancé/AppFinale/bankdemo-api/vendor/laravel/framework/src/Illuminate/Pipeline/Pipeline.php(209): Illuminate/Http/Middleware/ValidatePostSize->handle()
#40 D:/Cours/Dev mobile Avancé/AppFinale/bankdemo-api/vendor/laravel/framework/src/Illuminate/Foundation/Http/Middleware/PreventRequestsDuringMaintenance.php(110): Illuminate/Pipeline/Pipeline->Illuminate/Pipeline/{closure}()
#41 D:/Cours/Dev mobile Avancé/AppFinale/bankdemo-api/vendor/laravel/framework/src/Illuminate/Pipeline/Pipeline.php(209): Illuminate/Foundation/Http/Middleware/PreventRequestsDuringMaintenance->handle()
#42 D:/Cours/Dev mobile Avancé/AppFinale/bankdemo-api/vendor/laravel/framework/src/Illuminate/Http/Middleware/HandleCors.php(62): Illuminate/Pipeline/Pipeline->Illuminate/Pipeline/{closure}()
#43 D:/Cours/Dev mobile Avancé/AppFinale/bankdemo-api/vendor/laravel/framework/src/Illuminate/Pipeline/Pipeline.php(209): Illuminate/Http/Middleware/HandleCors->handle()
#44 D:/Cours/Dev mobile Avancé/AppFinale/bankdemo-api/vendor/laravel/framework/src/Illuminate/Http/Middleware/TrustProxies.php(58): Illuminate/Pipeline/Pipeline->Illuminate/Pipeline/{closure}()
#45 D:/Cours/Dev mobile Avancé/AppFinale/bankdemo-api/vendor/laravel/framework/src/Illuminate/Pipeline/Pipeline.php(209): Illuminate/Http/Middleware/TrustProxies->handle()
#46 D:/Cours/Dev mobile Avancé/AppFinale/bankdemo-api/vendor/laravel/framework/src/Illuminate/Foundation/Http/Middleware/InvokeDeferredCallbacks.php(22): Illuminate/Pipeline/Pipeline->Illuminate/Pipeline/{closure}()
#47 D:/Cours/Dev mobile Avancé/AppFinale/bankdemo-api/vendor/laravel/framework/src/Illuminate/Pipeline/Pipeline.php(209): Illuminate/Foundation/Http/Middleware/InvokeDeferredCallbacks->handle()
#48 D:/Cours/Dev mobile Avancé/AppFinale/bankdemo-api/vendor/laravel/framework/src/Illuminate/Pipeline/Pipeline.php(127): Illuminate/Pipeline/Pipeline->Illuminate/Pipeline/{closure}()
#49 D:/Cours/Dev mobile Avancé/AppFinale/bankdemo-api/vendor/laravel/framework/src/Illuminate/Foundation/Http/Kernel.php(176): Illuminate/Pipeline/Pipeline->then()
#50 D:/Cours/Dev mobile Avancé/AppFinale/bankdemo-api/vendor/laravel/framework/src/Illuminate/Foundation/Http/Kernel.php(145): Illuminate/Foundation/Http/Kernel->sendRequestThroughRouter()
#51 D:/Cours/Dev mobile Avancé/AppFinale/bankdemo-api/vendor/laravel/framework/src/Illuminate/Foundation/Application.php(1220): Illuminate/Foundation/Http/Kernel->handle()
#52 D:/Cours/Dev mobile Avancé/AppFinale/bankdemo-api/public/index.php(14): Illuminate/Foundation/Application->handleRequest()
#53 D:/Cours/Dev mobile Avancé/AppFinale/bankdemo-api/vendor/laravel/framework/src/Illuminate/Foundation/resources/server.php(23): require_once('...')
#54 {main}

[previous exception] [object] (PDOException(code: HY000): SQLSTATE[HY000]: General error: 1 no such function: acos at D:/Cours/Dev mobile Avancé/AppFinale/bankdemo-api/vendor/laravel/framework/src/Illuminate/Database/Connection.php:407)
[stacktrace]
#0 D:/Cours/Dev mobile Avancé/AppFinale/bankdemo-api/vendor/laravel/framework/src/Illuminate/Database/Connection.php(407): PDO->prepare()
#1 D:/Cours/Dev mobile Avancé/AppFinale/bankdemo-api/vendor/laravel/framework/src/Illuminate/Database/Connection.php(812): Illuminate/Database/Connection->Illuminate/Database/{closure}()
#2 D:/Cours/Dev mobile Avancé/AppFinale/bankdemo-api/vendor/laravel/framework/src/Illuminate/Database/Connection.php(779): Illuminate/Database/Connection->runQueryCallback()
#3 D:/Cours/Dev mobile Avancé/AppFinale/bankdemo-api/vendor/laravel/framework/src/Illuminate/Database/Connection.php(398): Illuminate/Database/Connection->run()
#4 D:/Cours/Dev mobile Avancé/AppFinale/bankdemo-api/vendor/laravel/framework/src/Illuminate/Database/Query/Builder.php(3106): Illuminate/Database/Connection->select()
#5 D:/Cours/Dev mobile Avancé/AppFinale/bankdemo-api/vendor/laravel/framework/src/Illuminate/Database/Query/Builder.php(3091): Illuminate/Database/Query/Builder->runSelect()
#6 D:/Cours/Dev mobile Avancé/AppFinale/bankdemo-api/vendor/laravel/framework/src/Illuminate/Database/Query/Builder.php(3676): Illuminate/Database/Query/Builder->Illuminate/Database/Query/{closure}()
#7 D:/Cours/Dev mobile Avancé/AppFinale/bankdemo-api/vendor/laravel/framework/src/Illuminate/Database/Query/Builder.php(3090): Illuminate/Database/Query/Builder->onceWithColumns()
#8 D:/Cours/Dev mobile Avancé/AppFinale/bankdemo-api/vendor/laravel/framework/src/Illuminate/Database/Eloquent/Builder.php(811): Illuminate/Database/Query/Builder->get()
#9 D:/Cours/Dev mobile Avancé/AppFinale/bankdemo-api/vendor/laravel/framework/src/Illuminate/Database/Eloquent/Builder.php(793): Illuminate/Database/Eloquent/Builder->getModels()
#10 D:/Cours/Dev mobile Avancé/AppFinale/bankdemo-api/app/Http/Controllers/ATMController.php(38): Illuminate/Database/Eloquent/Builder->get()
#11 D:/Cours/Dev mobile Avancé/AppFinale/bankdemo-api/vendor/laravel/framework/src/Illuminate/Routing/ControllerDispatcher.php(47): App/Http/Controllers/ATMController->nearby()
#12 D:/Cours/Dev mobile Avancé/AppFinale/bankdemo-api/vendor/laravel/framework/src/Illuminate/Routing/Route.php(266): Illuminate/Routing/ControllerDispatcher->dispatch()
#13 D:/Cours/Dev mobile Avancé/AppFinale/bankdemo-api/vendor/laravel/framework/src/Illuminate/Routing/Route.php(212): Illuminate/Routing/Route->runController()
#14 D:/Cours/Dev mobile Avancé/AppFinale/bankdemo-api/vendor/laravel/framework/src/Illuminate/Routing/Router.php(808): Illuminate/Routing/Route->run()
#15 D:/Cours/Dev mobile Avancé/AppFinale/bankdemo-api/vendor/laravel/framework/src/Illuminate/Pipeline/Pipeline.php(170): Illuminate/Routing/Router->Illuminate/Routing/{closure}()
#16 D:/Cours/Dev mobile Avancé/AppFinale/bankdemo-api/vendor/laravel/framework/src/Illuminate/Routing/Middleware/SubstituteBindings.php(51): Illuminate/Pipeline/Pipeline->Illuminate/Pipeline/{closure}()
#17 D:/Cours/Dev mobile Avancé/AppFinale/bankdemo-api/vendor/laravel/framework/src/Illuminate/Pipeline/Pipeline.php(209): Illuminate/Routing/Middleware/SubstituteBindings->handle()
#18 D:/Cours/Dev mobile Avancé/AppFinale/bankdemo-api/vendor/laravel/framework/src/Illuminate/Auth/Middleware/Authenticate.php(64): Illuminate/Pipeline/Pipeline->Illuminate/Pipeline/{closure}()
#19 D:/Cours/Dev mobile Avancé/AppFinale/bankdemo-api/vendor/laravel/framework/src/Illuminate/Pipeline/Pipeline.php(209): Illuminate/Auth/Middleware/Authenticate->handle()
#20 D:/Cours/Dev mobile Avancé/AppFinale/bankdemo-api/vendor/laravel/sanctum/src/Http/Middleware/EnsureFrontendRequestsAreStateful.php(26): Illuminate/Pipeline/Pipeline->Illuminate/Pipeline/{closure}()
#21 D:/Cours/Dev mobile Avancé/AppFinale/bankdemo-api/vendor/laravel/framework/src/Illuminate/Pipeline/Pipeline.php(170): Laravel/Sanctum/Http/Middleware/EnsureFrontendRequestsAreStateful->Laravel/Sanctum/Http/Middleware/{closure}()
#22 D:/Cours/Dev mobile Avancé/AppFinale/bankdemo-api/vendor/laravel/framework/src/Illuminate/Pipeline/Pipeline.php(127): Illuminate/Pipeline/Pipeline->Illuminate/Pipeline/{closure}()
#23 D:/Cours/Dev mobile Avancé/AppFinale/bankdemo-api/vendor/laravel/sanctum/src/Http/Middleware/EnsureFrontendRequestsAreStateful.php(25): Illuminate/Pipeline/Pipeline->then()
#24 D:/Cours/Dev mobile Avancé/AppFinale/bankdemo-api/vendor/laravel/framework/src/Illuminate/Pipeline/Pipeline.php(209): Laravel/Sanctum/Http/Middleware/EnsureFrontendRequestsAreStateful->handle()
#25 D:/Cours/Dev mobile Avancé/AppFinale/bankdemo-api/vendor/laravel/framework/src/Illuminate/Pipeline/Pipeline.php(127): Illuminate/Pipeline/Pipeline->Illuminate/Pipeline/{closure}()
#26 D:/Cours/Dev mobile Avancé/AppFinale/bankdemo-api/vendor/laravel/framework/src/Illuminate/Routing/Router.php(807): Illuminate/Pipeline/Pipeline->then()
#27 D:/Cours/Dev mobile Avancé/AppFinale/bankdemo-api/vendor/laravel/framework/src/Illuminate/Routing/Router.php(786): Illuminate/Routing/Router->runRouteWithinStack()
#28 D:/Cours/Dev mobile Avancé/AppFinale/bankdemo-api/vendor/laravel/framework/src/Illuminate/Routing/Router.php(750): Illuminate/Routing/Router->runRoute()
#29 D:/Cours/Dev mobile Avancé/AppFinale/bankdemo-api/vendor/laravel/framework/src/Illuminate/Routing/Router.php(739): Illuminate/Routing/Router->dispatchToRoute()
#30 D:/Cours/Dev mobile Avancé/AppFinale/bankdemo-api/vendor/laravel/framework/src/Illuminate/Foundation/Http/Kernel.php(201): Illuminate/Routing/Router->dispatch()
#31 D:/Cours/Dev mobile Avancé/AppFinale/bankdemo-api/vendor/laravel/framework/src/Illuminate/Pipeline/Pipeline.php(170): Illuminate/Foundation/Http/Kernel->Illuminate/Foundation/Http/{closure}()
#32 D:/Cours/Dev mobile Avancé/AppFinale/bankdemo-api/app/Http/Middleware/LogSuspiciousActivity.php(17): Illuminate/Pipeline/Pipeline->Illuminate/Pipeline/{closure}()
#33 D:/Cours/Dev mobile Avancé/AppFinale/bankdemo-api/vendor/laravel/framework/src/Illuminate/Pipeline/Pipeline.php(209): App/Http/Middleware/LogSuspiciousActivity->handle()
#34 D:/Cours/Dev mobile Avancé/AppFinale/bankdemo-api/vendor/laravel/framework/src/Illuminate/Foundation/Http/Middleware/TransformsRequest.php(21): Illuminate/Pipeline/Pipeline->Illuminate/Pipeline/{closure}()
#35 D:/Cours/Dev mobile Avancé/AppFinale/bankdemo-api/vendor/laravel/framework/src/Illuminate/Foundation/Http/Middleware/ConvertEmptyStringsToNull.php(31): Illuminate/Foundation/Http/Middleware/TransformsRequest->handle()
#36 D:/Cours/Dev mobile Avancé/AppFinale/bankdemo-api/vendor/laravel/framework/src/Illuminate/Pipeline/Pipeline.php(209): Illuminate/Foundation/Http/Middleware/ConvertEmptyStringsToNull->handle()
#37 D:/Cours/Dev mobile Avancé/AppFinale/bankdemo-api/vendor/laravel/framework/src/Illuminate/Foundation/Http/Middleware/TransformsRequest.php(21): Illuminate/Pipeline/Pipeline->Illuminate/Pipeline/{closure}()
#38 D:/Cours/Dev mobile Avancé/AppFinale/bankdemo-api/vendor/laravel/framework/src/Illuminate/Foundation/Http/Middleware/TrimStrings.php(51): Illuminate/Foundation/Http/Middleware/TransformsRequest->handle()
#39 D:/Cours/Dev mobile Avancé/AppFinale/bankdemo-api/vendor/laravel/framework/src/Illuminate/Pipeline/Pipeline.php(209): Illuminate/Foundation/Http/Middleware/TrimStrings->handle()
#40 D:/Cours/Dev mobile Avancé/AppFinale/bankdemo-api/vendor/laravel/framework/src/Illuminate/Http/Middleware/ValidatePostSize.php(27): Illuminate/Pipeline/Pipeline->Illuminate/Pipeline/{closure}()
#41 D:/Cours/Dev mobile Avancé/AppFinale/bankdemo-api/vendor/laravel/framework/src/Illuminate/Pipeline/Pipeline.php(209): Illuminate/Http/Middleware/ValidatePostSize->handle()
#42 D:/Cours/Dev mobile Avancé/AppFinale/bankdemo-api/vendor/laravel/framework/src/Illuminate/Foundation/Http/Middleware/PreventRequestsDuringMaintenance.php(110): Illuminate/Pipeline/Pipeline->Illuminate/Pipeline/{closure}()
#43 D:/Cours/Dev mobile Avancé/AppFinale/bankdemo-api/vendor/laravel/framework/src/Illuminate/Pipeline/Pipeline.php(209): Illuminate/Foundation/Http/Middleware/PreventRequestsDuringMaintenance->handle()
#44 D:/Cours/Dev mobile Avancé/AppFinale/bankdemo-api/vendor/laravel/framework/src/Illuminate/Http/Middleware/HandleCors.php(62): Illuminate/Pipeline/Pipeline->Illuminate/Pipeline/{closure}()
#45 D:/Cours/Dev mobile Avancé/AppFinale/bankdemo-api/vendor/laravel/framework/src/Illuminate/Pipeline/Pipeline.php(209): Illuminate/Http/Middleware/HandleCors->handle()
#46 D:/Cours/Dev mobile Avancé/AppFinale/bankdemo-api/vendor/laravel/framework/src/Illuminate/Http/Middleware/TrustProxies.php(58): Illuminate/Pipeline/Pipeline->Illuminate/Pipeline/{closure}()
#47 D:/Cours/Dev mobile Avancé/AppFinale/bankdemo-api/vendor/laravel/framework/src/Illuminate/Pipeline/Pipeline.php(209): Illuminate/Http/Middleware/TrustProxies->handle()
#48 D:/Cours/Dev mobile Avancé/AppFinale/bankdemo-api/vendor/laravel/framework/src/Illuminate/Foundation/Http/Middleware/InvokeDeferredCallbacks.php(22): Illuminate/Pipeline/Pipeline->Illuminate/Pipeline/{closure}()
#49 D:/Cours/Dev mobile Avancé/AppFinale/bankdemo-api/vendor/laravel/framework/src/Illuminate/Pipeline/Pipeline.php(209): Illuminate/Foundation/Http/Middleware/InvokeDeferredCallbacks->handle()
#50 D:/Cours/Dev mobile Avancé/AppFinale/bankdemo-api/vendor/laravel/framework/src/Illuminate/Pipeline/Pipeline.php(127): Illuminate/Pipeline/Pipeline->Illuminate/Pipeline/{closure}()
#51 D:/Cours/Dev mobile Avancé/AppFinale/bankdemo-api/vendor/laravel/framework/src/Illuminate/Foundation/Http/Kernel.php(176): Illuminate/Pipeline/Pipeline->then()
#52 D:/Cours/Dev mobile Avancé/AppFinale/bankdemo-api/vendor/laravel/framework/src/Illuminate/Foundation/Http/Kernel.php(145): Illuminate/Foundation/Http/Kernel->sendRequestThroughRouter()
#53 D:/Cours/Dev mobile Avancé/AppFinale/bankdemo-api/vendor/laravel/framework/src/Illuminate/Foundation/Application.php(1220): Illuminate/Foundation/Http/Kernel->handle()
#54 D:/Cours/Dev mobile Avancé/AppFinale/bankdemo-api/public/index.php(14): Illuminate/Foundation/Application->handleRequest()
#55 D:/Cours/Dev mobile Avancé/AppFinale/bankdemo-api/vendor/laravel/framework/src/Illuminate/Foundation/resources/server.php(23): require_once('...')
#56 {main}
"} 
[2026-03-07 23:28:52] local.WARNING: Failed login attempt {"ip":"127.0.0.1","email":"demo@bankdemo.test","ua":"okhttp/4.12.0"} 
[2026-03-07 23:29:03] local.NOTICE: Transaction validation failed {"ip":"127.0.0.1","path":"api/transactions/send","user":1,"body":{"amount":50,"description":null,"recipient_account_number":"Alex Martin"}} 
[2026-03-07 23:32:13] local.ERROR: SQLSTATE[HY000]: General error: 1 no such function: acos (Connection: sqlite, SQL: select 
                *,
                (6371 * acos(
                    cos(radians(45.7499696)) * cos(radians(latitude))
                    * cos(radians(longitude) - radians(4.8556027))
                    + sin(radians(45.7499696)) * sin(radians(latitude))
                )) AS distance_km
             from "atms" having distance_km <= 10 order by "distance_km" asc limit 50) {"userId":1,"exception":"[object] (Illuminate\\Database\\QueryException(code: HY000): SQLSTATE[HY000]: General error: 1 no such function: acos (Connection: sqlite, SQL: select 

                *,

                (6371 * acos(

                    cos(radians(45.7499696)) * cos(radians(latitude))

                    * cos(radians(longitude) - radians(4.8556027))

                    + sin(radians(45.7499696)) * sin(radians(latitude))

                )) AS distance_km

             from \"atms\" having distance_km <= 10 order by \"distance_km\" asc limit 50) at D:/Cours/Dev mobile Avancé/AppFinale/bankdemo-api/vendor/laravel/framework/src/Illuminate/Database/Connection.php:825)
[stacktrace]
#0 D:/Cours/Dev mobile Avancé/AppFinale/bankdemo-api/vendor/laravel/framework/src/Illuminate/Database/Connection.php(779): Illuminate/Database/Connection->runQueryCallback()
#1 D:/Cours/Dev mobile Avancé/AppFinale/bankdemo-api/vendor/laravel/framework/src/Illuminate/Database/Connection.php(398): Illuminate/Database/Connection->run()
#2 D:/Cours/Dev mobile Avancé/AppFinale/bankdemo-api/vendor/laravel/framework/src/Illuminate/Database/Query/Builder.php(3106): Illuminate/Database/Connection->select()
#3 D:/Cours/Dev mobile Avancé/AppFinale/bankdemo-api/vendor/laravel/framework/src/Illuminate/Database/Query/Builder.php(3091): Illuminate/Database/Query/Builder->runSelect()
#4 D:/Cours/Dev mobile Avancé/AppFinale/bankdemo-api/vendor/laravel/framework/src/Illuminate/Database/Query/Builder.php(3676): Illuminate/Database/Query/Builder->Illuminate/Database/Query/{closure}()
#5 D:/Cours/Dev mobile Avancé/AppFinale/bankdemo-api/vendor/laravel/framework/src/Illuminate/Database/Query/Builder.php(3090): Illuminate/Database/Query/Builder->onceWithColumns()
#6 D:/Cours/Dev mobile Avancé/AppFinale/bankdemo-api/vendor/laravel/framework/src/Illuminate/Database/Eloquent/Builder.php(811): Illuminate/Database/Query/Builder->get()
#7 D:/Cours/Dev mobile Avancé/AppFinale/bankdemo-api/vendor/laravel/framework/src/Illuminate/Database/Eloquent/Builder.php(793): Illuminate/Database/Eloquent/Builder->getModels()
#8 D:/Cours/Dev mobile Avancé/AppFinale/bankdemo-api/app/Http/Controllers/ATMController.php(38): Illuminate/Database/Eloquent/Builder->get()
#9 D:/Cours/Dev mobile Avancé/AppFinale/bankdemo-api/vendor/laravel/framework/src/Illuminate/Routing/ControllerDispatcher.php(47): App/Http/Controllers/ATMController->nearby()
#10 D:/Cours/Dev mobile Avancé/AppFinale/bankdemo-api/vendor/laravel/framework/src/Illuminate/Routing/Route.php(266): Illuminate/Routing/ControllerDispatcher->dispatch()
#11 D:/Cours/Dev mobile Avancé/AppFinale/bankdemo-api/vendor/laravel/framework/src/Illuminate/Routing/Route.php(212): Illuminate/Routing/Route->runController()
#12 D:/Cours/Dev mobile Avancé/AppFinale/bankdemo-api/vendor/laravel/framework/src/Illuminate/Routing/Router.php(808): Illuminate/Routing/Route->run()
#13 D:/Cours/Dev mobile Avancé/AppFinale/bankdemo-api/vendor/laravel/framework/src/Illuminate/Pipeline/Pipeline.php(170): Illuminate/Routing/Router->Illuminate/Routing/{closure}()
#14 D:/Cours/Dev mobile Avancé/AppFinale/bankdemo-api/vendor/laravel/framework/src/Illuminate/Routing/Middleware/SubstituteBindings.php(51): Illuminate/Pipeline/Pipeline->Illuminate/Pipeline/{closure}()
#15 D:/Cours/Dev mobile Avancé/AppFinale/bankdemo-api/vendor/laravel/framework/src/Illuminate/Pipeline/Pipeline.php(209): Illuminate/Routing/Middleware/SubstituteBindings->handle()
#16 D:/Cours/Dev mobile Avancé/AppFinale/bankdemo-api/vendor/laravel/framework/src/Illuminate/Auth/Middleware/Authenticate.php(64): Illuminate/Pipeline/Pipeline->Illuminate/Pipeline/{closure}()
#17 D:/Cours/Dev mobile Avancé/AppFinale/bankdemo-api/vendor/laravel/framework/src/Illuminate/Pipeline/Pipeline.php(209): Illuminate/Auth/Middleware/Authenticate->handle()
#18 D:/Cours/Dev mobile Avancé/AppFinale/bankdemo-api/vendor/laravel/sanctum/src/Http/Middleware/EnsureFrontendRequestsAreStateful.php(26): Illuminate/Pipeline/Pipeline->Illuminate/Pipeline/{closure}()
#19 D:/Cours/Dev mobile Avancé/AppFinale/bankdemo-api/vendor/laravel/framework/src/Illuminate/Pipeline/Pipeline.php(170): Laravel/Sanctum/Http/Middleware/EnsureFrontendRequestsAreStateful->Laravel/Sanctum/Http/Middleware/{closure}()
#20 D:/Cours/Dev mobile Avancé/AppFinale/bankdemo-api/vendor/laravel/framework/src/Illuminate/Pipeline/Pipeline.php(127): Illuminate/Pipeline/Pipeline->Illuminate/Pipeline/{closure}()
#21 D:/Cours/Dev mobile Avancé/AppFinale/bankdemo-api/vendor/laravel/sanctum/src/Http/Middleware/EnsureFrontendRequestsAreStateful.php(25): Illuminate/Pipeline/Pipeline->then()
#22 D:/Cours/Dev mobile Avancé/AppFinale/bankdemo-api/vendor/laravel/framework/src/Illuminate/Pipeline/Pipeline.php(209): Laravel/Sanctum/Http/Middleware/EnsureFrontendRequestsAreStateful->handle()
#23 D:/Cours/Dev mobile Avancé/AppFinale/bankdemo-api/vendor/laravel/framework/src/Illuminate/Pipeline/Pipeline.php(127): Illuminate/Pipeline/Pipeline->Illuminate/Pipeline/{closure}()
#24 D:/Cours/Dev mobile Avancé/AppFinale/bankdemo-api/vendor/laravel/framework/src/Illuminate/Routing/Router.php(807): Illuminate/Pipeline/Pipeline->then()
#25 D:/Cours/Dev mobile Avancé/AppFinale/bankdemo-api/vendor/laravel/framework/src/Illuminate/Routing/Router.php(786): Illuminate/Routing/Router->runRouteWithinStack()
#26 D:/Cours/Dev mobile Avancé/AppFinale/bankdemo-api/vendor/laravel/framework/src/Illuminate/Routing/Router.php(750): Illuminate/Routing/Router->runRoute()
#27 D:/Cours/Dev mobile Avancé/AppFinale/bankdemo-api/vendor/laravel/framework/src/Illuminate/Routing/Router.php(739): Illuminate/Routing/Router->dispatchToRoute()
#28 D:/Cours/Dev mobile Avancé/AppFinale/bankdemo-api/vendor/laravel/framework/src/Illuminate/Foundation/Http/Kernel.php(201): Illuminate/Routing/Router->dispatch()
#29 D:/Cours/Dev mobile Avancé/AppFinale/bankdemo-api/vendor/laravel/framework/src/Illuminate/Pipeline/Pipeline.php(170): Illuminate/Foundation/Http/Kernel->Illuminate/Foundation/Http/{closure}()
#30 D:/Cours/Dev mobile Avancé/AppFinale/bankdemo-api/app/Http/Middleware/LogSuspiciousActivity.php(17): Illuminate/Pipeline/Pipeline->Illuminate/Pipeline/{closure}()
#31 D:/Cours/Dev mobile Avancé/AppFinale/bankdemo-api/vendor/laravel/framework/src/Illuminate/Pipeline/Pipeline.php(209): App/Http/Middleware/LogSuspiciousActivity->handle()
#32 D:/Cours/Dev mobile Avancé/AppFinale/bankdemo-api/vendor/laravel/framework/src/Illuminate/Foundation/Http/Middleware/TransformsRequest.php(21): Illuminate/Pipeline/Pipeline->Illuminate/Pipeline/{closure}()
#33 D:/Cours/Dev mobile Avancé/AppFinale/bankdemo-api/vendor/laravel/framework/src/Illuminate/Foundation/Http/Middleware/ConvertEmptyStringsToNull.php(31): Illuminate/Foundation/Http/Middleware/TransformsRequest->handle()
#34 D:/Cours/Dev mobile Avancé/AppFinale/bankdemo-api/vendor/laravel/framework/src/Illuminate/Pipeline/Pipeline.php(209): Illuminate/Foundation/Http/Middleware/ConvertEmptyStringsToNull->handle()
#35 D:/Cours/Dev mobile Avancé/AppFinale/bankdemo-api/vendor/laravel/framework/src/Illuminate/Foundation/Http/Middleware/TransformsRequest.php(21): Illuminate/Pipeline/Pipeline->Illuminate/Pipeline/{closure}()
#36 D:/Cours/Dev mobile Avancé/AppFinale/bankdemo-api/vendor/laravel/framework/src/Illuminate/Foundation/Http/Middleware/TrimStrings.php(51): Illuminate/Foundation/Http/Middleware/TransformsRequest->handle()
#37 D:/Cours/Dev mobile Avancé/AppFinale/bankdemo-api/vendor/laravel/framework/src/Illuminate/Pipeline/Pipeline.php(209): Illuminate/Foundation/Http/Middleware/TrimStrings->handle()
#38 D:/Cours/Dev mobile Avancé/AppFinale/bankdemo-api/vendor/laravel/framework/src/Illuminate/Http/Middleware/ValidatePostSize.php(27): Illuminate/Pipeline/Pipeline->Illuminate/Pipeline/{closure}()
#39 D:/Cours/Dev mobile Avancé/AppFinale/bankdemo-api/vendor/laravel/framework/src/Illuminate/Pipeline/Pipeline.php(209): Illuminate/Http/Middleware/ValidatePostSize->handle()
#40 D:/Cours/Dev mobile Avancé/AppFinale/bankdemo-api/vendor/laravel/framework/src/Illuminate/Foundation/Http/Middleware/PreventRequestsDuringMaintenance.php(110): Illuminate/Pipeline/Pipeline->Illuminate/Pipeline/{closure}()
#41 D:/Cours/Dev mobile Avancé/AppFinale/bankdemo-api/vendor/laravel/framework/src/Illuminate/Pipeline/Pipeline.php(209): Illuminate/Foundation/Http/Middleware/PreventRequestsDuringMaintenance->handle()
#42 D:/Cours/Dev mobile Avancé/AppFinale/bankdemo-api/vendor/laravel/framework/src/Illuminate/Http/Middleware/HandleCors.php(62): Illuminate/Pipeline/Pipeline->Illuminate/Pipeline/{closure}()
#43 D:/Cours/Dev mobile Avancé/AppFinale/bankdemo-api/vendor/laravel/framework/src/Illuminate/Pipeline/Pipeline.php(209): Illuminate/Http/Middleware/HandleCors->handle()
#44 D:/Cours/Dev mobile Avancé/AppFinale/bankdemo-api/vendor/laravel/framework/src/Illuminate/Http/Middleware/TrustProxies.php(58): Illuminate/Pipeline/Pipeline->Illuminate/Pipeline/{closure}()
#45 D:/Cours/Dev mobile Avancé/AppFinale/bankdemo-api/vendor/laravel/framework/src/Illuminate/Pipeline/Pipeline.php(209): Illuminate/Http/Middleware/TrustProxies->handle()
#46 D:/Cours/Dev mobile Avancé/AppFinale/bankdemo-api/vendor/laravel/framework/src/Illuminate/Foundation/Http/Middleware/InvokeDeferredCallbacks.php(22): Illuminate/Pipeline/Pipeline->Illuminate/Pipeline/{closure}()
#47 D:/Cours/Dev mobile Avancé/AppFinale/bankdemo-api/vendor/laravel/framework/src/Illuminate/Pipeline/Pipeline.php(209): Illuminate/Foundation/Http/Middleware/InvokeDeferredCallbacks->handle()
#48 D:/Cours/Dev mobile Avancé/AppFinale/bankdemo-api/vendor/laravel/framework/src/Illuminate/Pipeline/Pipeline.php(127): Illuminate/Pipeline/Pipeline->Illuminate/Pipeline/{closure}()
#49 D:/Cours/Dev mobile Avancé/AppFinale/bankdemo-api/vendor/laravel/framework/src/Illuminate/Foundation/Http/Kernel.php(176): Illuminate/Pipeline/Pipeline->then()
#50 D:/Cours/Dev mobile Avancé/AppFinale/bankdemo-api/vendor/laravel/framework/src/Illuminate/Foundation/Http/Kernel.php(145): Illuminate/Foundation/Http/Kernel->sendRequestThroughRouter()
#51 D:/Cours/Dev mobile Avancé/AppFinale/bankdemo-api/vendor/laravel/framework/src/Illuminate/Foundation/Application.php(1220): Illuminate/Foundation/Http/Kernel->handle()
#52 D:/Cours/Dev mobile Avancé/AppFinale/bankdemo-api/public/index.php(14): Illuminate/Foundation/Application->handleRequest()
#53 D:/Cours/Dev mobile Avancé/AppFinale/bankdemo-api/vendor/laravel/framework/src/Illuminate/Foundation/resources/server.php(23): require_once('...')
#54 {main}

[previous exception] [object] (PDOException(code: HY000): SQLSTATE[HY000]: General error: 1 no such function: acos at D:/Cours/Dev mobile Avancé/AppFinale/bankdemo-api/vendor/laravel/framework/src/Illuminate/Database/Connection.php:407)
[stacktrace]
#0 D:/Cours/Dev mobile Avancé/AppFinale/bankdemo-api/vendor/laravel/framework/src/Illuminate/Database/Connection.php(407): PDO->prepare()
#1 D:/Cours/Dev mobile Avancé/AppFinale/bankdemo-api/vendor/laravel/framework/src/Illuminate/Database/Connection.php(812): Illuminate/Database/Connection->Illuminate/Database/{closure}()
#2 D:/Cours/Dev mobile Avancé/AppFinale/bankdemo-api/vendor/laravel/framework/src/Illuminate/Database/Connection.php(779): Illuminate/Database/Connection->runQueryCallback()
#3 D:/Cours/Dev mobile Avancé/AppFinale/bankdemo-api/vendor/laravel/framework/src/Illuminate/Database/Connection.php(398): Illuminate/Database/Connection->run()
#4 D:/Cours/Dev mobile Avancé/AppFinale/bankdemo-api/vendor/laravel/framework/src/Illuminate/Database/Query/Builder.php(3106): Illuminate/Database/Connection->select()
#5 D:/Cours/Dev mobile Avancé/AppFinale/bankdemo-api/vendor/laravel/framework/src/Illuminate/Database/Query/Builder.php(3091): Illuminate/Database/Query/Builder->runSelect()
#6 D:/Cours/Dev mobile Avancé/AppFinale/bankdemo-api/vendor/laravel/framework/src/Illuminate/Database/Query/Builder.php(3676): Illuminate/Database/Query/Builder->Illuminate/Database/Query/{closure}()
#7 D:/Cours/Dev mobile Avancé/AppFinale/bankdemo-api/vendor/laravel/framework/src/Illuminate/Database/Query/Builder.php(3090): Illuminate/Database/Query/Builder->onceWithColumns()
#8 D:/Cours/Dev mobile Avancé/AppFinale/bankdemo-api/vendor/laravel/framework/src/Illuminate/Database/Eloquent/Builder.php(811): Illuminate/Database/Query/Builder->get()
#9 D:/Cours/Dev mobile Avancé/AppFinale/bankdemo-api/vendor/laravel/framework/src/Illuminate/Database/Eloquent/Builder.php(793): Illuminate/Database/Eloquent/Builder->getModels()
#10 D:/Cours/Dev mobile Avancé/AppFinale/bankdemo-api/app/Http/Controllers/ATMController.php(38): Illuminate/Database/Eloquent/Builder->get()
#11 D:/Cours/Dev mobile Avancé/AppFinale/bankdemo-api/vendor/laravel/framework/src/Illuminate/Routing/ControllerDispatcher.php(47): App/Http/Controllers/ATMController->nearby()
#12 D:/Cours/Dev mobile Avancé/AppFinale/bankdemo-api/vendor/laravel/framework/src/Illuminate/Routing/Route.php(266): Illuminate/Routing/ControllerDispatcher->dispatch()
#13 D:/Cours/Dev mobile Avancé/AppFinale/bankdemo-api/vendor/laravel/framework/src/Illuminate/Routing/Route.php(212): Illuminate/Routing/Route->runController()
#14 D:/Cours/Dev mobile Avancé/AppFinale/bankdemo-api/vendor/laravel/framework/src/Illuminate/Routing/Router.php(808): Illuminate/Routing/Route->run()
#15 D:/Cours/Dev mobile Avancé/AppFinale/bankdemo-api/vendor/laravel/framework/src/Illuminate/Pipeline/Pipeline.php(170): Illuminate/Routing/Router->Illuminate/Routing/{closure}()
#16 D:/Cours/Dev mobile Avancé/AppFinale/bankdemo-api/vendor/laravel/framework/src/Illuminate/Routing/Middleware/SubstituteBindings.php(51): Illuminate/Pipeline/Pipeline->Illuminate/Pipeline/{closure}()
#17 D:/Cours/Dev mobile Avancé/AppFinale/bankdemo-api/vendor/laravel/framework/src/Illuminate/Pipeline/Pipeline.php(209): Illuminate/Routing/Middleware/SubstituteBindings->handle()
#18 D:/Cours/Dev mobile Avancé/AppFinale/bankdemo-api/vendor/laravel/framework/src/Illuminate/Auth/Middleware/Authenticate.php(64): Illuminate/Pipeline/Pipeline->Illuminate/Pipeline/{closure}()
#19 D:/Cours/Dev mobile Avancé/AppFinale/bankdemo-api/vendor/laravel/framework/src/Illuminate/Pipeline/Pipeline.php(209): Illuminate/Auth/Middleware/Authenticate->handle()
#20 D:/Cours/Dev mobile Avancé/AppFinale/bankdemo-api/vendor/laravel/sanctum/src/Http/Middleware/EnsureFrontendRequestsAreStateful.php(26): Illuminate/Pipeline/Pipeline->Illuminate/Pipeline/{closure}()
#21 D:/Cours/Dev mobile Avancé/AppFinale/bankdemo-api/vendor/laravel/framework/src/Illuminate/Pipeline/Pipeline.php(170): Laravel/Sanctum/Http/Middleware/EnsureFrontendRequestsAreStateful->Laravel/Sanctum/Http/Middleware/{closure}()
#22 D:/Cours/Dev mobile Avancé/AppFinale/bankdemo-api/vendor/laravel/framework/src/Illuminate/Pipeline/Pipeline.php(127): Illuminate/Pipeline/Pipeline->Illuminate/Pipeline/{closure}()
#23 D:/Cours/Dev mobile Avancé/AppFinale/bankdemo-api/vendor/laravel/sanctum/src/Http/Middleware/EnsureFrontendRequestsAreStateful.php(25): Illuminate/Pipeline/Pipeline->then()
#24 D:/Cours/Dev mobile Avancé/AppFinale/bankdemo-api/vendor/laravel/framework/src/Illuminate/Pipeline/Pipeline.php(209): Laravel/Sanctum/Http/Middleware/EnsureFrontendRequestsAreStateful->handle()
#25 D:/Cours/Dev mobile Avancé/AppFinale/bankdemo-api/vendor/laravel/framework/src/Illuminate/Pipeline/Pipeline.php(127): Illuminate/Pipeline/Pipeline->Illuminate/Pipeline/{closure}()
#26 D:/Cours/Dev mobile Avancé/AppFinale/bankdemo-api/vendor/laravel/framework/src/Illuminate/Routing/Router.php(807): Illuminate/Pipeline/Pipeline->then()
#27 D:/Cours/Dev mobile Avancé/AppFinale/bankdemo-api/vendor/laravel/framework/src/Illuminate/Routing/Router.php(786): Illuminate/Routing/Router->runRouteWithinStack()
#28 D:/Cours/Dev mobile Avancé/AppFinale/bankdemo-api/vendor/laravel/framework/src/Illuminate/Routing/Router.php(750): Illuminate/Routing/Router->runRoute()
#29 D:/Cours/Dev mobile Avancé/AppFinale/bankdemo-api/vendor/laravel/framework/src/Illuminate/Routing/Router.php(739): Illuminate/Routing/Router->dispatchToRoute()
#30 D:/Cours/Dev mobile Avancé/AppFinale/bankdemo-api/vendor/laravel/framework/src/Illuminate/Foundation/Http/Kernel.php(201): Illuminate/Routing/Router->dispatch()
#31 D:/Cours/Dev mobile Avancé/AppFinale/bankdemo-api/vendor/laravel/framework/src/Illuminate/Pipeline/Pipeline.php(170): Illuminate/Foundation/Http/Kernel->Illuminate/Foundation/Http/{closure}()
#32 D:/Cours/Dev mobile Avancé/AppFinale/bankdemo-api/app/Http/Middleware/LogSuspiciousActivity.php(17): Illuminate/Pipeline/Pipeline->Illuminate/Pipeline/{closure}()
#33 D:/Cours/Dev mobile Avancé/AppFinale/bankdemo-api/vendor/laravel/framework/src/Illuminate/Pipeline/Pipeline.php(209): App/Http/Middleware/LogSuspiciousActivity->handle()
#34 D:/Cours/Dev mobile Avancé/AppFinale/bankdemo-api/vendor/laravel/framework/src/Illuminate/Foundation/Http/Middleware/TransformsRequest.php(21): Illuminate/Pipeline/Pipeline->Illuminate/Pipeline/{closure}()
#35 D:/Cours/Dev mobile Avancé/AppFinale/bankdemo-api/vendor/laravel/framework/src/Illuminate/Foundation/Http/Middleware/ConvertEmptyStringsToNull.php(31): Illuminate/Foundation/Http/Middleware/TransformsRequest->handle()
#36 D:/Cours/Dev mobile Avancé/AppFinale/bankdemo-api/vendor/laravel/framework/src/Illuminate/Pipeline/Pipeline.php(209): Illuminate/Foundation/Http/Middleware/ConvertEmptyStringsToNull->handle()
#37 D:/Cours/Dev mobile Avancé/AppFinale/bankdemo-api/vendor/laravel/framework/src/Illuminate/Foundation/Http/Middleware/TransformsRequest.php(21): Illuminate/Pipeline/Pipeline->Illuminate/Pipeline/{closure}()
#38 D:/Cours/Dev mobile Avancé/AppFinale/bankdemo-api/vendor/laravel/framework/src/Illuminate/Foundation/Http/Middleware/TrimStrings.php(51): Illuminate/Foundation/Http/Middleware/TransformsRequest->handle()
#39 D:/Cours/Dev mobile Avancé/AppFinale/bankdemo-api/vendor/laravel/framework/src/Illuminate/Pipeline/Pipeline.php(209): Illuminate/Foundation/Http/Middleware/TrimStrings->handle()
#40 D:/Cours/Dev mobile Avancé/AppFinale/bankdemo-api/vendor/laravel/framework/src/Illuminate/Http/Middleware/ValidatePostSize.php(27): Illuminate/Pipeline/Pipeline->Illuminate/Pipeline/{closure}()
#41 D:/Cours/Dev mobile Avancé/AppFinale/bankdemo-api/vendor/laravel/framework/src/Illuminate/Pipeline/Pipeline.php(209): Illuminate/Http/Middleware/ValidatePostSize->handle()
#42 D:/Cours/Dev mobile Avancé/AppFinale/bankdemo-api/vendor/laravel/framework/src/Illuminate/Foundation/Http/Middleware/PreventRequestsDuringMaintenance.php(110): Illuminate/Pipeline/Pipeline->Illuminate/Pipeline/{closure}()
#43 D:/Cours/Dev mobile Avancé/AppFinale/bankdemo-api/vendor/laravel/framework/src/Illuminate/Pipeline/Pipeline.php(209): Illuminate/Foundation/Http/Middleware/PreventRequestsDuringMaintenance->handle()
#44 D:/Cours/Dev mobile Avancé/AppFinale/bankdemo-api/vendor/laravel/framework/src/Illuminate/Http/Middleware/HandleCors.php(62): Illuminate/Pipeline/Pipeline->Illuminate/Pipeline/{closure}()
#45 D:/Cours/Dev mobile Avancé/AppFinale/bankdemo-api/vendor/laravel/framework/src/Illuminate/Pipeline/Pipeline.php(209): Illuminate/Http/Middleware/HandleCors->handle()
#46 D:/Cours/Dev mobile Avancé/AppFinale/bankdemo-api/vendor/laravel/framework/src/Illuminate/Http/Middleware/TrustProxies.php(58): Illuminate/Pipeline/Pipeline->Illuminate/Pipeline/{closure}()
#47 D:/Cours/Dev mobile Avancé/AppFinale/bankdemo-api/vendor/laravel/framework/src/Illuminate/Pipeline/Pipeline.php(209): Illuminate/Http/Middleware/TrustProxies->handle()
#48 D:/Cours/Dev mobile Avancé/AppFinale/bankdemo-api/vendor/laravel/framework/src/Illuminate/Foundation/Http/Middleware/InvokeDeferredCallbacks.php(22): Illuminate/Pipeline/Pipeline->Illuminate/Pipeline/{closure}()
#49 D:/Cours/Dev mobile Avancé/AppFinale/bankdemo-api/vendor/laravel/framework/src/Illuminate/Pipeline/Pipeline.php(209): Illuminate/Foundation/Http/Middleware/InvokeDeferredCallbacks->handle()
#50 D:/Cours/Dev mobile Avancé/AppFinale/bankdemo-api/vendor/laravel/framework/src/Illuminate/Pipeline/Pipeline.php(127): Illuminate/Pipeline/Pipeline->Illuminate/Pipeline/{closure}()
#51 D:/Cours/Dev mobile Avancé/AppFinale/bankdemo-api/vendor/laravel/framework/src/Illuminate/Foundation/Http/Kernel.php(176): Illuminate/Pipeline/Pipeline->then()
#52 D:/Cours/Dev mobile Avancé/AppFinale/bankdemo-api/vendor/laravel/framework/src/Illuminate/Foundation/Http/Kernel.php(145): Illuminate/Foundation/Http/Kernel->sendRequestThroughRouter()
#53 D:/Cours/Dev mobile Avancé/AppFinale/bankdemo-api/vendor/laravel/framework/src/Illuminate/Foundation/Application.php(1220): Illuminate/Foundation/Http/Kernel->handle()
#54 D:/Cours/Dev mobile Avancé/AppFinale/bankdemo-api/public/index.php(14): Illuminate/Foundation/Application->handleRequest()
#55 D:/Cours/Dev mobile Avancé/AppFinale/bankdemo-api/vendor/laravel/framework/src/Illuminate/Foundation/resources/server.php(23): require_once('...')
#56 {main}
"} 
[2026-03-08 00:12:26] local.ERROR: SQLSTATE[HY000]: General error: 1 no such function: acos (Connection: sqlite, SQL: select 
                *,
                (6371 * acos(
                    cos(radians(45.7499647)) * cos(radians(latitude))
                    * cos(radians(longitude) - radians(4.8556005))
                    + sin(radians(45.7499647)) * sin(radians(latitude))
                )) AS distance_km
             from "atms" having distance_km <= 10 order by "distance_km" asc limit 50) {"userId":1,"exception":"[object] (Illuminate\\Database\\QueryException(code: HY000): SQLSTATE[HY000]: General error: 1 no such function: acos (Connection: sqlite, SQL: select 

                *,

                (6371 * acos(

                    cos(radians(45.7499647)) * cos(radians(latitude))

                    * cos(radians(longitude) - radians(4.8556005))

                    + sin(radians(45.7499647)) * sin(radians(latitude))

                )) AS distance_km

             from \"atms\" having distance_km <= 10 order by \"distance_km\" asc limit 50) at D:/Cours/Dev mobile Avancé/AppFinale/bankdemo-api/vendor/laravel/framework/src/Illuminate/Database/Connection.php:825)
[stacktrace]
#0 D:/Cours/Dev mobile Avancé/AppFinale/bankdemo-api/vendor/laravel/framework/src/Illuminate/Database/Connection.php(779): Illuminate/Database/Connection->runQueryCallback()
#1 D:/Cours/Dev mobile Avancé/AppFinale/bankdemo-api/vendor/laravel/framework/src/Illuminate/Database/Connection.php(398): Illuminate/Database/Connection->run()
#2 D:/Cours/Dev mobile Avancé/AppFinale/bankdemo-api/vendor/laravel/framework/src/Illuminate/Database/Query/Builder.php(3106): Illuminate/Database/Connection->select()
#3 D:/Cours/Dev mobile Avancé/AppFinale/bankdemo-api/vendor/laravel/framework/src/Illuminate/Database/Query/Builder.php(3091): Illuminate/Database/Query/Builder->runSelect()
#4 D:/Cours/Dev mobile Avancé/AppFinale/bankdemo-api/vendor/laravel/framework/src/Illuminate/Database/Query/Builder.php(3676): Illuminate/Database/Query/Builder->Illuminate/Database/Query/{closure}()
#5 D:/Cours/Dev mobile Avancé/AppFinale/bankdemo-api/vendor/laravel/framework/src/Illuminate/Database/Query/Builder.php(3090): Illuminate/Database/Query/Builder->onceWithColumns()
#6 D:/Cours/Dev mobile Avancé/AppFinale/bankdemo-api/vendor/laravel/framework/src/Illuminate/Database/Eloquent/Builder.php(811): Illuminate/Database/Query/Builder->get()
#7 D:/Cours/Dev mobile Avancé/AppFinale/bankdemo-api/vendor/laravel/framework/src/Illuminate/Database/Eloquent/Builder.php(793): Illuminate/Database/Eloquent/Builder->getModels()
#8 D:/Cours/Dev mobile Avancé/AppFinale/bankdemo-api/app/Http/Controllers/ATMController.php(38): Illuminate/Database/Eloquent/Builder->get()
#9 D:/Cours/Dev mobile Avancé/AppFinale/bankdemo-api/vendor/laravel/framework/src/Illuminate/Routing/ControllerDispatcher.php(47): App/Http/Controllers/ATMController->nearby()
#10 D:/Cours/Dev mobile Avancé/AppFinale/bankdemo-api/vendor/laravel/framework/src/Illuminate/Routing/Route.php(266): Illuminate/Routing/ControllerDispatcher->dispatch()
#11 D:/Cours/Dev mobile Avancé/AppFinale/bankdemo-api/vendor/laravel/framework/src/Illuminate/Routing/Route.php(212): Illuminate/Routing/Route->runController()
#12 D:/Cours/Dev mobile Avancé/AppFinale/bankdemo-api/vendor/laravel/framework/src/Illuminate/Routing/Router.php(808): Illuminate/Routing/Route->run()
#13 D:/Cours/Dev mobile Avancé/AppFinale/bankdemo-api/vendor/laravel/framework/src/Illuminate/Pipeline/Pipeline.php(170): Illuminate/Routing/Router->Illuminate/Routing/{closure}()
#14 D:/Cours/Dev mobile Avancé/AppFinale/bankdemo-api/vendor/laravel/framework/src/Illuminate/Routing/Middleware/SubstituteBindings.php(51): Illuminate/Pipeline/Pipeline->Illuminate/Pipeline/{closure}()
#15 D:/Cours/Dev mobile Avancé/AppFinale/bankdemo-api/vendor/laravel/framework/src/Illuminate/Pipeline/Pipeline.php(209): Illuminate/Routing/Middleware/SubstituteBindings->handle()
#16 D:/Cours/Dev mobile Avancé/AppFinale/bankdemo-api/vendor/laravel/framework/src/Illuminate/Auth/Middleware/Authenticate.php(64): Illuminate/Pipeline/Pipeline->Illuminate/Pipeline/{closure}()
#17 D:/Cours/Dev mobile Avancé/AppFinale/bankdemo-api/vendor/laravel/framework/src/Illuminate/Pipeline/Pipeline.php(209): Illuminate/Auth/Middleware/Authenticate->handle()
#18 D:/Cours/Dev mobile Avancé/AppFinale/bankdemo-api/vendor/laravel/sanctum/src/Http/Middleware/EnsureFrontendRequestsAreStateful.php(26): Illuminate/Pipeline/Pipeline->Illuminate/Pipeline/{closure}()
#19 D:/Cours/Dev mobile Avancé/AppFinale/bankdemo-api/vendor/laravel/framework/src/Illuminate/Pipeline/Pipeline.php(170): Laravel/Sanctum/Http/Middleware/EnsureFrontendRequestsAreStateful->Laravel/Sanctum/Http/Middleware/{closure}()
#20 D:/Cours/Dev mobile Avancé/AppFinale/bankdemo-api/vendor/laravel/framework/src/Illuminate/Pipeline/Pipeline.php(127): Illuminate/Pipeline/Pipeline->Illuminate/Pipeline/{closure}()
#21 D:/Cours/Dev mobile Avancé/AppFinale/bankdemo-api/vendor/laravel/sanctum/src/Http/Middleware/EnsureFrontendRequestsAreStateful.php(25): Illuminate/Pipeline/Pipeline->then()
#22 D:/Cours/Dev mobile Avancé/AppFinale/bankdemo-api/vendor/laravel/framework/src/Illuminate/Pipeline/Pipeline.php(209): Laravel/Sanctum/Http/Middleware/EnsureFrontendRequestsAreStateful->handle()
#23 D:/Cours/Dev mobile Avancé/AppFinale/bankdemo-api/vendor/laravel/framework/src/Illuminate/Pipeline/Pipeline.php(127): Illuminate/Pipeline/Pipeline->Illuminate/Pipeline/{closure}()
#24 D:/Cours/Dev mobile Avancé/AppFinale/bankdemo-api/vendor/laravel/framework/src/Illuminate/Routing/Router.php(807): Illuminate/Pipeline/Pipeline->then()
#25 D:/Cours/Dev mobile Avancé/AppFinale/bankdemo-api/vendor/laravel/framework/src/Illuminate/Routing/Router.php(786): Illuminate/Routing/Router->runRouteWithinStack()
#26 D:/Cours/Dev mobile Avancé/AppFinale/bankdemo-api/vendor/laravel/framework/src/Illuminate/Routing/Router.php(750): Illuminate/Routing/Router->runRoute()
#27 D:/Cours/Dev mobile Avancé/AppFinale/bankdemo-api/vendor/laravel/framework/src/Illuminate/Routing/Router.php(739): Illuminate/Routing/Router->dispatchToRoute()
#28 D:/Cours/Dev mobile Avancé/AppFinale/bankdemo-api/vendor/laravel/framework/src/Illuminate/Foundation/Http/Kernel.php(201): Illuminate/Routing/Router->dispatch()
#29 D:/Cours/Dev mobile Avancé/AppFinale/bankdemo-api/vendor/laravel/framework/src/Illuminate/Pipeline/Pipeline.php(170): Illuminate/Foundation/Http/Kernel->Illuminate/Foundation/Http/{closure}()
#30 D:/Cours/Dev mobile Avancé/AppFinale/bankdemo-api/app/Http/Middleware/LogSuspiciousActivity.php(17): Illuminate/Pipeline/Pipeline->Illuminate/Pipeline/{closure}()
#31 D:/Cours/Dev mobile Avancé/AppFinale/bankdemo-api/vendor/laravel/framework/src/Illuminate/Pipeline/Pipeline.php(209): App/Http/Middleware/LogSuspiciousActivity->handle()
#32 D:/Cours/Dev mobile Avancé/AppFinale/bankdemo-api/vendor/laravel/framework/src/Illuminate/Foundation/Http/Middleware/TransformsRequest.php(21): Illuminate/Pipeline/Pipeline->Illuminate/Pipeline/{closure}()
#33 D:/Cours/Dev mobile Avancé/AppFinale/bankdemo-api/vendor/laravel/framework/src/Illuminate/Foundation/Http/Middleware/ConvertEmptyStringsToNull.php(31): Illuminate/Foundation/Http/Middleware/TransformsRequest->handle()
#34 D:/Cours/Dev mobile Avancé/AppFinale/bankdemo-api/vendor/laravel/framework/src/Illuminate/Pipeline/Pipeline.php(209): Illuminate/Foundation/Http/Middleware/ConvertEmptyStringsToNull->handle()
#35 D:/Cours/Dev mobile Avancé/AppFinale/bankdemo-api/vendor/laravel/framework/src/Illuminate/Foundation/Http/Middleware/TransformsRequest.php(21): Illuminate/Pipeline/Pipeline->Illuminate/Pipeline/{closure}()
#36 D:/Cours/Dev mobile Avancé/AppFinale/bankdemo-api/vendor/laravel/framework/src/Illuminate/Foundation/Http/Middleware/TrimStrings.php(51): Illuminate/Foundation/Http/Middleware/TransformsRequest->handle()
#37 D:/Cours/Dev mobile Avancé/AppFinale/bankdemo-api/vendor/laravel/framework/src/Illuminate/Pipeline/Pipeline.php(209): Illuminate/Foundation/Http/Middleware/TrimStrings->handle()
#38 D:/Cours/Dev mobile Avancé/AppFinale/bankdemo-api/vendor/laravel/framework/src/Illuminate/Http/Middleware/ValidatePostSize.php(27): Illuminate/Pipeline/Pipeline->Illuminate/Pipeline/{closure}()
#39 D:/Cours/Dev mobile Avancé/AppFinale/bankdemo-api/vendor/laravel/framework/src/Illuminate/Pipeline/Pipeline.php(209): Illuminate/Http/Middleware/ValidatePostSize->handle()
#40 D:/Cours/Dev mobile Avancé/AppFinale/bankdemo-api/vendor/laravel/framework/src/Illuminate/Foundation/Http/Middleware/PreventRequestsDuringMaintenance.php(110): Illuminate/Pipeline/Pipeline->Illuminate/Pipeline/{closure}()
#41 D:/Cours/Dev mobile Avancé/AppFinale/bankdemo-api/vendor/laravel/framework/src/Illuminate/Pipeline/Pipeline.php(209): Illuminate/Foundation/Http/Middleware/PreventRequestsDuringMaintenance->handle()
#42 D:/Cours/Dev mobile Avancé/AppFinale/bankdemo-api/vendor/laravel/framework/src/Illuminate/Http/Middleware/HandleCors.php(62): Illuminate/Pipeline/Pipeline->Illuminate/Pipeline/{closure}()
#43 D:/Cours/Dev mobile Avancé/AppFinale/bankdemo-api/vendor/laravel/framework/src/Illuminate/Pipeline/Pipeline.php(209): Illuminate/Http/Middleware/HandleCors->handle()
#44 D:/Cours/Dev mobile Avancé/AppFinale/bankdemo-api/vendor/laravel/framework/src/Illuminate/Http/Middleware/TrustProxies.php(58): Illuminate/Pipeline/Pipeline->Illuminate/Pipeline/{closure}()
#45 D:/Cours/Dev mobile Avancé/AppFinale/bankdemo-api/vendor/laravel/framework/src/Illuminate/Pipeline/Pipeline.php(209): Illuminate/Http/Middleware/TrustProxies->handle()
#46 D:/Cours/Dev mobile Avancé/AppFinale/bankdemo-api/vendor/laravel/framework/src/Illuminate/Foundation/Http/Middleware/InvokeDeferredCallbacks.php(22): Illuminate/Pipeline/Pipeline->Illuminate/Pipeline/{closure}()
#47 D:/Cours/Dev mobile Avancé/AppFinale/bankdemo-api/vendor/laravel/framework/src/Illuminate/Pipeline/Pipeline.php(209): Illuminate/Foundation/Http/Middleware/InvokeDeferredCallbacks->handle()
#48 D:/Cours/Dev mobile Avancé/AppFinale/bankdemo-api/vendor/laravel/framework/src/Illuminate/Pipeline/Pipeline.php(127): Illuminate/Pipeline/Pipeline->Illuminate/Pipeline/{closure}()
#49 D:/Cours/Dev mobile Avancé/AppFinale/bankdemo-api/vendor/laravel/framework/src/Illuminate/Foundation/Http/Kernel.php(176): Illuminate/Pipeline/Pipeline->then()
#50 D:/Cours/Dev mobile Avancé/AppFinale/bankdemo-api/vendor/laravel/framework/src/Illuminate/Foundation/Http/Kernel.php(145): Illuminate/Foundation/Http/Kernel->sendRequestThroughRouter()
#51 D:/Cours/Dev mobile Avancé/AppFinale/bankdemo-api/vendor/laravel/framework/src/Illuminate/Foundation/Application.php(1220): Illuminate/Foundation/Http/Kernel->handle()
#52 D:/Cours/Dev mobile Avancé/AppFinale/bankdemo-api/public/index.php(14): Illuminate/Foundation/Application->handleRequest()
#53 D:/Cours/Dev mobile Avancé/AppFinale/bankdemo-api/vendor/laravel/framework/src/Illuminate/Foundation/resources/server.php(23): require_once('...')
#54 {main}

[previous exception] [object] (PDOException(code: HY000): SQLSTATE[HY000]: General error: 1 no such function: acos at D:/Cours/Dev mobile Avancé/AppFinale/bankdemo-api/vendor/laravel/framework/src/Illuminate/Database/Connection.php:407)
[stacktrace]
#0 D:/Cours/Dev mobile Avancé/AppFinale/bankdemo-api/vendor/laravel/framework/src/Illuminate/Database/Connection.php(407): PDO->prepare()
#1 D:/Cours/Dev mobile Avancé/AppFinale/bankdemo-api/vendor/laravel/framework/src/Illuminate/Database/Connection.php(812): Illuminate/Database/Connection->Illuminate/Database/{closure}()
#2 D:/Cours/Dev mobile Avancé/AppFinale/bankdemo-api/vendor/laravel/framework/src/Illuminate/Database/Connection.php(779): Illuminate/Database/Connection->runQueryCallback()
#3 D:/Cours/Dev mobile Avancé/AppFinale/bankdemo-api/vendor/laravel/framework/src/Illuminate/Database/Connection.php(398): Illuminate/Database/Connection->run()
#4 D:/Cours/Dev mobile Avancé/AppFinale/bankdemo-api/vendor/laravel/framework/src/Illuminate/Database/Query/Builder.php(3106): Illuminate/Database/Connection->select()
#5 D:/Cours/Dev mobile Avancé/AppFinale/bankdemo-api/vendor/laravel/framework/src/Illuminate/Database/Query/Builder.php(3091): Illuminate/Database/Query/Builder->runSelect()
#6 D:/Cours/Dev mobile Avancé/AppFinale/bankdemo-api/vendor/laravel/framework/src/Illuminate/Database/Query/Builder.php(3676): Illuminate/Database/Query/Builder->Illuminate/Database/Query/{closure}()
#7 D:/Cours/Dev mobile Avancé/AppFinale/bankdemo-api/vendor/laravel/framework/src/Illuminate/Database/Query/Builder.php(3090): Illuminate/Database/Query/Builder->onceWithColumns()
#8 D:/Cours/Dev mobile Avancé/AppFinale/bankdemo-api/vendor/laravel/framework/src/Illuminate/Database/Eloquent/Builder.php(811): Illuminate/Database/Query/Builder->get()
#9 D:/Cours/Dev mobile Avancé/AppFinale/bankdemo-api/vendor/laravel/framework/src/Illuminate/Database/Eloquent/Builder.php(793): Illuminate/Database/Eloquent/Builder->getModels()
#10 D:/Cours/Dev mobile Avancé/AppFinale/bankdemo-api/app/Http/Controllers/ATMController.php(38): Illuminate/Database/Eloquent/Builder->get()
#11 D:/Cours/Dev mobile Avancé/AppFinale/bankdemo-api/vendor/laravel/framework/src/Illuminate/Routing/ControllerDispatcher.php(47): App/Http/Controllers/ATMController->nearby()
#12 D:/Cours/Dev mobile Avancé/AppFinale/bankdemo-api/vendor/laravel/framework/src/Illuminate/Routing/Route.php(266): Illuminate/Routing/ControllerDispatcher->dispatch()
#13 D:/Cours/Dev mobile Avancé/AppFinale/bankdemo-api/vendor/laravel/framework/src/Illuminate/Routing/Route.php(212): Illuminate/Routing/Route->runController()
#14 D:/Cours/Dev mobile Avancé/AppFinale/bankdemo-api/vendor/laravel/framework/src/Illuminate/Routing/Router.php(808): Illuminate/Routing/Route->run()
#15 D:/Cours/Dev mobile Avancé/AppFinale/bankdemo-api/vendor/laravel/framework/src/Illuminate/Pipeline/Pipeline.php(170): Illuminate/Routing/Router->Illuminate/Routing/{closure}()
#16 D:/Cours/Dev mobile Avancé/AppFinale/bankdemo-api/vendor/laravel/framework/src/Illuminate/Routing/Middleware/SubstituteBindings.php(51): Illuminate/Pipeline/Pipeline->Illuminate/Pipeline/{closure}()
#17 D:/Cours/Dev mobile Avancé/AppFinale/bankdemo-api/vendor/laravel/framework/src/Illuminate/Pipeline/Pipeline.php(209): Illuminate/Routing/Middleware/SubstituteBindings->handle()
#18 D:/Cours/Dev mobile Avancé/AppFinale/bankdemo-api/vendor/laravel/framework/src/Illuminate/Auth/Middleware/Authenticate.php(64): Illuminate/Pipeline/Pipeline->Illuminate/Pipeline/{closure}()
#19 D:/Cours/Dev mobile Avancé/AppFinale/bankdemo-api/vendor/laravel/framework/src/Illuminate/Pipeline/Pipeline.php(209): Illuminate/Auth/Middleware/Authenticate->handle()
#20 D:/Cours/Dev mobile Avancé/AppFinale/bankdemo-api/vendor/laravel/sanctum/src/Http/Middleware/EnsureFrontendRequestsAreStateful.php(26): Illuminate/Pipeline/Pipeline->Illuminate/Pipeline/{closure}()
#21 D:/Cours/Dev mobile Avancé/AppFinale/bankdemo-api/vendor/laravel/framework/src/Illuminate/Pipeline/Pipeline.php(170): Laravel/Sanctum/Http/Middleware/EnsureFrontendRequestsAreStateful->Laravel/Sanctum/Http/Middleware/{closure}()
#22 D:/Cours/Dev mobile Avancé/AppFinale/bankdemo-api/vendor/laravel/framework/src/Illuminate/Pipeline/Pipeline.php(127): Illuminate/Pipeline/Pipeline->Illuminate/Pipeline/{closure}()
#23 D:/Cours/Dev mobile Avancé/AppFinale/bankdemo-api/vendor/laravel/sanctum/src/Http/Middleware/EnsureFrontendRequestsAreStateful.php(25): Illuminate/Pipeline/Pipeline->then()
#24 D:/Cours/Dev mobile Avancé/AppFinale/bankdemo-api/vendor/laravel/framework/src/Illuminate/Pipeline/Pipeline.php(209): Laravel/Sanctum/Http/Middleware/EnsureFrontendRequestsAreStateful->handle()
#25 D:/Cours/Dev mobile Avancé/AppFinale/bankdemo-api/vendor/laravel/framework/src/Illuminate/Pipeline/Pipeline.php(127): Illuminate/Pipeline/Pipeline->Illuminate/Pipeline/{closure}()
#26 D:/Cours/Dev mobile Avancé/AppFinale/bankdemo-api/vendor/laravel/framework/src/Illuminate/Routing/Router.php(807): Illuminate/Pipeline/Pipeline->then()
#27 D:/Cours/Dev mobile Avancé/AppFinale/bankdemo-api/vendor/laravel/framework/src/Illuminate/Routing/Router.php(786): Illuminate/Routing/Router->runRouteWithinStack()
#28 D:/Cours/Dev mobile Avancé/AppFinale/bankdemo-api/vendor/laravel/framework/src/Illuminate/Routing/Router.php(750): Illuminate/Routing/Router->runRoute()
#29 D:/Cours/Dev mobile Avancé/AppFinale/bankdemo-api/vendor/laravel/framework/src/Illuminate/Routing/Router.php(739): Illuminate/Routing/Router->dispatchToRoute()
#30 D:/Cours/Dev mobile Avancé/AppFinale/bankdemo-api/vendor/laravel/framework/src/Illuminate/Foundation/Http/Kernel.php(201): Illuminate/Routing/Router->dispatch()
#31 D:/Cours/Dev mobile Avancé/AppFinale/bankdemo-api/vendor/laravel/framework/src/Illuminate/Pipeline/Pipeline.php(170): Illuminate/Foundation/Http/Kernel->Illuminate/Foundation/Http/{closure}()
#32 D:/Cours/Dev mobile Avancé/AppFinale/bankdemo-api/app/Http/Middleware/LogSuspiciousActivity.php(17): Illuminate/Pipeline/Pipeline->Illuminate/Pipeline/{closure}()
#33 D:/Cours/Dev mobile Avancé/AppFinale/bankdemo-api/vendor/laravel/framework/src/Illuminate/Pipeline/Pipeline.php(209): App/Http/Middleware/LogSuspiciousActivity->handle()
#34 D:/Cours/Dev mobile Avancé/AppFinale/bankdemo-api/vendor/laravel/framework/src/Illuminate/Foundation/Http/Middleware/TransformsRequest.php(21): Illuminate/Pipeline/Pipeline->Illuminate/Pipeline/{closure}()
#35 D:/Cours/Dev mobile Avancé/AppFinale/bankdemo-api/vendor/laravel/framework/src/Illuminate/Foundation/Http/Middleware/ConvertEmptyStringsToNull.php(31): Illuminate/Foundation/Http/Middleware/TransformsRequest->handle()
#36 D:/Cours/Dev mobile Avancé/AppFinale/bankdemo-api/vendor/laravel/framework/src/Illuminate/Pipeline/Pipeline.php(209): Illuminate/Foundation/Http/Middleware/ConvertEmptyStringsToNull->handle()
#37 D:/Cours/Dev mobile Avancé/AppFinale/bankdemo-api/vendor/laravel/framework/src/Illuminate/Foundation/Http/Middleware/TransformsRequest.php(21): Illuminate/Pipeline/Pipeline->Illuminate/Pipeline/{closure}()
#38 D:/Cours/Dev mobile Avancé/AppFinale/bankdemo-api/vendor/laravel/framework/src/Illuminate/Foundation/Http/Middleware/TrimStrings.php(51): Illuminate/Foundation/Http/Middleware/TransformsRequest->handle()
#39 D:/Cours/Dev mobile Avancé/AppFinale/bankdemo-api/vendor/laravel/framework/src/Illuminate/Pipeline/Pipeline.php(209): Illuminate/Foundation/Http/Middleware/TrimStrings->handle()
#40 D:/Cours/Dev mobile Avancé/AppFinale/bankdemo-api/vendor/laravel/framework/src/Illuminate/Http/Middleware/ValidatePostSize.php(27): Illuminate/Pipeline/Pipeline->Illuminate/Pipeline/{closure}()
#41 D:/Cours/Dev mobile Avancé/AppFinale/bankdemo-api/vendor/laravel/framework/src/Illuminate/Pipeline/Pipeline.php(209): Illuminate/Http/Middleware/ValidatePostSize->handle()
#42 D:/Cours/Dev mobile Avancé/AppFinale/bankdemo-api/vendor/laravel/framework/src/Illuminate/Foundation/Http/Middleware/PreventRequestsDuringMaintenance.php(110): Illuminate/Pipeline/Pipeline->Illuminate/Pipeline/{closure}()
#43 D:/Cours/Dev mobile Avancé/AppFinale/bankdemo-api/vendor/laravel/framework/src/Illuminate/Pipeline/Pipeline.php(209): Illuminate/Foundation/Http/Middleware/PreventRequestsDuringMaintenance->handle()
#44 D:/Cours/Dev mobile Avancé/AppFinale/bankdemo-api/vendor/laravel/framework/src/Illuminate/Http/Middleware/HandleCors.php(62): Illuminate/Pipeline/Pipeline->Illuminate/Pipeline/{closure}()
#45 D:/Cours/Dev mobile Avancé/AppFinale/bankdemo-api/vendor/laravel/framework/src/Illuminate/Pipeline/Pipeline.php(209): Illuminate/Http/Middleware/HandleCors->handle()
#46 D:/Cours/Dev mobile Avancé/AppFinale/bankdemo-api/vendor/laravel/framework/src/Illuminate/Http/Middleware/TrustProxies.php(58): Illuminate/Pipeline/Pipeline->Illuminate/Pipeline/{closure}()
#47 D:/Cours/Dev mobile Avancé/AppFinale/bankdemo-api/vendor/laravel/framework/src/Illuminate/Pipeline/Pipeline.php(209): Illuminate/Http/Middleware/TrustProxies->handle()
#48 D:/Cours/Dev mobile Avancé/AppFinale/bankdemo-api/vendor/laravel/framework/src/Illuminate/Foundation/Http/Middleware/InvokeDeferredCallbacks.php(22): Illuminate/Pipeline/Pipeline->Illuminate/Pipeline/{closure}()
#49 D:/Cours/Dev mobile Avancé/AppFinale/bankdemo-api/vendor/laravel/framework/src/Illuminate/Pipeline/Pipeline.php(209): Illuminate/Foundation/Http/Middleware/InvokeDeferredCallbacks->handle()
#50 D:/Cours/Dev mobile Avancé/AppFinale/bankdemo-api/vendor/laravel/framework/src/Illuminate/Pipeline/Pipeline.php(127): Illuminate/Pipeline/Pipeline->Illuminate/Pipeline/{closure}()
#51 D:/Cours/Dev mobile Avancé/AppFinale/bankdemo-api/vendor/laravel/framework/src/Illuminate/Foundation/Http/Kernel.php(176): Illuminate/Pipeline/Pipeline->then()
#52 D:/Cours/Dev mobile Avancé/AppFinale/bankdemo-api/vendor/laravel/framework/src/Illuminate/Foundation/Http/Kernel.php(145): Illuminate/Foundation/Http/Kernel->sendRequestThroughRouter()
#53 D:/Cours/Dev mobile Avancé/AppFinale/bankdemo-api/vendor/laravel/framework/src/Illuminate/Foundation/Application.php(1220): Illuminate/Foundation/Http/Kernel->handle()
#54 D:/Cours/Dev mobile Avancé/AppFinale/bankdemo-api/public/index.php(14): Illuminate/Foundation/Application->handleRequest()
#55 D:/Cours/Dev mobile Avancé/AppFinale/bankdemo-api/vendor/laravel/framework/src/Illuminate/Foundation/resources/server.php(23): require_once('...')
#56 {main}
"} 
[2026-03-08 15:26:58] local.NOTICE: Transaction validation failed {"ip":"127.0.0.1","path":"api/transactions/send","user":1,"body":{"recipient_account_number":"Fr765758683838","amount":500,"description":"Test"}} 
[2026-03-08 15:27:06] local.NOTICE: Transaction validation failed {"ip":"127.0.0.1","path":"api/transactions/send","user":1,"body":{"recipient_account_number":"Fr765758683838","amount":500,"description":"Test"}} 
[2026-03-08 15:36:01] local.NOTICE: Transaction validation failed {"ip":"127.0.0.1","path":"api/transactions/send","user":1,"body":{"recipient_account_number":"Fr765758683838","amount":50,"description":null}} 
[2026-03-08 15:36:12] local.NOTICE: Transaction validation failed {"ip":"127.0.0.1","path":"api/transactions/send","user":1,"body":{"recipient_account_number":"Fr765758683838","amount":50,"description":null}} 
[2026-03-08 17:15:37] local.WARNING: Failed login attempt {"ip":"127.0.0.1","email":"davidmenechi@gmail.com","ua":"okhttp/4.12.0"} 
[2026-03-08 17:16:06] local.WARNING: Failed login attempt {"ip":"127.0.0.1","email":"yassin@bankdemo.com","ua":"okhttp/4.12.0"} 
[2026-03-08 17:16:18] local.WARNING: Failed login attempt {"ip":"127.0.0.1","email":"yassin@bankdemo.com","ua":"okhttp/4.12.0"} 
[2026-03-08 17:16:26] local.WARNING: Failed login attempt {"ip":"127.0.0.1","email":"yassin@bankdemo.com","ua":"okhttp/4.12.0"} 
[2026-03-08 17:44:56] local.WARNING: Failed login attempt {"ip":"127.0.0.1","email":"davidmenechi@gmail.com","ua":"okhttp/4.12.0"} 
